1591737496452	mozrunner::runner	INFO	Running command: "C:\\Program Files\\Mozilla Firefox\\firefox.exe" "-marionette" "-foreground" "-no-remote" "-profile" "C:\\Users\\Garu\\AppData\\Local\\Temp\\rust_mozprofile4qZLZO"
JavaScript error: resource://gre/modules/XULStore.jsm, line 66: Error: Can't find profile directory.
1591737499443	Marionette	INFO	Listening on port 65449
1591737499565	Marionette	WARN	TLS certificate errors will be ignored for this session
1591737503291	Marionette	INFO	Stopped listening on port 65449
JavaScript error: resource://gre/modules/UrlClassifierListManager.jsm, line 691: TypeError: this.tablesData[table] is undefined

###!!! [Child][MessageChannel::SendAndWait] Error: Channel error: cannot send/recv

1591739178290	mozrunner::runner	INFO	Running command: "C:\\Program Files\\Mozilla Firefox\\firefox.exe" "-marionette" "-foreground" "-no-remote" "-profile" "C:\\Users\\Garu\\AppData\\Local\\Temp\\rust_mozprofileRJQg2p"
JavaScript error: resource://gre/modules/XULStore.jsm, line 66: Error: Can't find profile directory.
1591739181314	Marionette	INFO	Listening on port 49317
1591739181402	Marionette	WARN	TLS certificate errors will be ignored for this session
1591739194398	Marionette	INFO	Stopped listening on port 49317

###!!! [Child][RunMessage] Error: Channel closing: too late to send/recv, messages will be lost


###!!! [Child][MessageChannel::SendAndWait] Error: Channel error: cannot send/recv

1591739217187	mozrunner::runner	INFO	Running command: "C:\\Program Files\\Mozilla Firefox\\firefox.exe" "-marionette" "-foreground" "-no-remote" "-profile" "C:\\Users\\Garu\\AppData\\Local\\Temp\\rust_mozprofileKMs68W"
JavaScript error: resource://gre/modules/XULStore.jsm, line 66: Error: Can't find profile directory.
1591739220013	Marionette	INFO	Listening on port 49368
1591739220299	Marionette	WARN	TLS certificate errors will be ignored for this session
1591739234439	Marionette	INFO	Stopped listening on port 49368

###!!! [Child][RunMessage] Error: Channel closing: too late to send/recv, messages will be lost


###!!! [Child][MessageChannel::SendAndWait] Error: Channel error: cannot send/recv

1591743836541	mozrunner::runner	INFO	Running command: "C:\\Program Files\\Mozilla Firefox\\firefox.exe" "-marionette" "-foreground" "-no-remote" "-profile" "C:\\Users\\Garu\\AppData\\Local\\Temp\\rust_mozprofilej4ncXs"
JavaScript error: resource://gre/modules/XULStore.jsm, line 66: Error: Can't find profile directory.
1591743839747	Marionette	INFO	Listening on port 49766
1591743840153	Marionette	WARN	TLS certificate errors will be ignored for this session
1591743855364	Marionette	INFO	Stopped listening on port 49766

###!!! [Child][RunMessage] Error: Channel closing: too late to send/recv, messages will be lost


###!!! [Child][MessageChannel::SendAndWait] Error: Channel error: cannot send/recv

1591744029127	mozrunner::runner	INFO	Running command: "C:\\Program Files\\Mozilla Firefox\\firefox.exe" "-marionette" "-foreground" "-no-remote" "-profile" "C:\\Users\\Garu\\AppData\\Local\\Temp\\rust_mozprofileC8ghYV"
JavaScript error: resource://gre/modules/XULStore.jsm, line 66: Error: Can't find profile directory.
1591744032755	Marionette	INFO	Listening on port 49837
1591744033244	Marionette	WARN	TLS certificate errors will be ignored for this session
1591744044558	Marionette	INFO	Stopped listening on port 49837

###!!! [Child][MessageChannel::SendAndWait] Error: Channel error: cannot send/recv

1591744102776	mozrunner::runner	INFO	Running command: "C:\\Program Files\\Mozilla Firefox\\firefox.exe" "-marionette" "-foreground" "-no-remote" "-profile" "C:\\Users\\Garu\\AppData\\Local\\Temp\\rust_mozprofile3rm2jD"
JavaScript error: resource://gre/modules/XULStore.jsm, line 66: Error: Can't find profile directory.
1591744106152	Marionette	INFO	Listening on port 49890
1591744106392	Marionette	WARN	TLS certificate errors will be ignored for this session
1591744120792	Marionette	INFO	Stopped listening on port 49890

###!!! [Child][RunMessage] Error: Channel closing: too late to send/recv, messages will be lost


###!!! [Child][MessageChannel::SendAndWait] Error: Channel error: cannot send/recv

1591744351414	mozrunner::runner	INFO	Running command: "C:\\Program Files\\Mozilla Firefox\\firefox.exe" "-marionette" "-foreground" "-no-remote" "-profile" "C:\\Users\\Garu\\AppData\\Local\\Temp\\rust_mozprofilebRRUgu"
JavaScript error: resource://gre/modules/XULStore.jsm, line 66: Error: Can't find profile directory.
1591744354060	Marionette	INFO	Listening on port 49972
1591744355549	Marionette	WARN	TLS certificate errors will be ignored for this session
console.error: "Store does not have a valid reducer. Make sure the argument passed to combineReducers is an object whose values are reducers."
1591744404280	Marionette	INFO	Stopped listening on port 49972

###!!! [Child][RunMessage] Error: Channel closing: too late to send/recv, messages will be lost


###!!! [Child][MessageChannel::SendAndWait] Error: Channel error: cannot send/recv

1591744484157	mozrunner::runner	INFO	Running command: "C:\\Program Files\\Mozilla Firefox\\firefox.exe" "-marionette" "-foreground" "-no-remote" "-profile" "C:\\Users\\Garu\\AppData\\Local\\Temp\\rust_mozprofilekuYmEd"
JavaScript error: resource://gre/modules/XULStore.jsm, line 66: Error: Can't find profile directory.
1591744487517	Marionette	INFO	Listening on port 50041
1591744487768	Marionette	WARN	TLS certificate errors will be ignored for this session
1591744555573	Marionette	INFO	Stopped listening on port 50041

###!!! [Child][RunMessage] Error: Channel closing: too late to send/recv, messages will be lost


###!!! [Child][MessageChannel::SendAndWait] Error: Channel error: cannot send/recv

1591744596980	mozrunner::runner	INFO	Running command: "C:\\Program Files\\Mozilla Firefox\\firefox.exe" "-marionette" "-foreground" "-no-remote" "-profile" "C:\\Users\\Garu\\AppData\\Local\\Temp\\rust_mozprofileT6hzGg"
JavaScript error: resource://gre/modules/XULStore.jsm, line 66: Error: Can't find profile directory.
1591744600144	Marionette	INFO	Listening on port 50116
1591744600592	Marionette	WARN	TLS certificate errors will be ignored for this session
console.error: "Store does not have a valid reducer. Make sure the argument passed to combineReducers is an object whose values are reducers."
1591744614992	Marionette	INFO	Stopped listening on port 50116

###!!! [Child][RunMessage] Error: Channel closing: too late to send/recv, messages will be lost


###!!! [Child][MessageChannel::SendAndWait] Error: Channel error: cannot send/recv

1591744812066	mozrunner::runner	INFO	Running command: "C:\\Program Files\\Mozilla Firefox\\firefox.exe" "-marionette" "-foreground" "-no-remote" "-profile" "C:\\Users\\Garu\\AppData\\Local\\Temp\\rust_mozprofileZxpSwB"
JavaScript error: resource://gre/modules/XULStore.jsm, line 66: Error: Can't find profile directory.
1591744815093	Marionette	INFO	Listening on port 50199
1591744815198	Marionette	WARN	TLS certificate errors will be ignored for this session
1591744830818	Marionette	INFO	Stopped listening on port 50199

###!!! [Child][RunMessage] Error: Channel closing: too late to send/recv, messages will be lost


###!!! [Child][MessageChannel::SendAndWait] Error: Channel error: cannot send/recv

1591744856370	mozrunner::runner	INFO	Running command: "C:\\Program Files\\Mozilla Firefox\\firefox.exe" "-marionette" "-foreground" "-no-remote" "-profile" "C:\\Users\\Garu\\AppData\\Local\\Temp\\rust_mozprofileKDQYzC"
JavaScript error: resource://gre/modules/XULStore.jsm, line 66: Error: Can't find profile directory.
1591744859969	Marionette	INFO	Listening on port 50273
1591744859982	Marionette	WARN	TLS certificate errors will be ignored for this session
1591744875477	Marionette	INFO	Stopped listening on port 50273

###!!! [Child][RunMessage] Error: Channel closing: too late to send/recv, messages will be lost


###!!! [Child][MessageChannel::SendAndWait] Error: Channel error: cannot send/recv

1591750066641	mozrunner::runner	INFO	Running command: "C:\\Program Files\\Mozilla Firefox\\firefox.exe" "-marionette" "-foreground" "-no-remote" "-profile" "C:\\Users\\Garu\\AppData\\Local\\Temp\\rust_mozprofilecd6baj"
JavaScript error: resource://gre/modules/XULStore.jsm, line 66: Error: Can't find profile directory.
1591750069629	Marionette	INFO	Listening on port 49461
1591750069755	Marionette	WARN	TLS certificate errors will be ignored for this session
1591750083045	Marionette	INFO	Stopped listening on port 49461

###!!! [Child][MessageChannel::SendAndWait] Error: Channel error: cannot send/recv

1592676748381	mozrunner::runner	INFO	Running command: "C:\\Program Files\\Mozilla Firefox\\firefox.exe" "-marionette" "-foreground" "-no-remote" "-profile" "C:\\Users\\Garu\\AppData\\Local\\Temp\\rust_mozprofileG9JWCA"
JavaScript error: resource://gre/modules/XULStore.jsm, line 66: Error: Can't find profile directory.
1592676755315	Marionette	INFO	Listening on port 49992
1592676755981	Marionette	WARN	TLS certificate errors will be ignored for this session
1592676769462	Marionette	INFO	Stopped listening on port 49992

###!!! [Child][MessageChannel::SendAndWait] Error: Channel error: cannot send/recv

1593021602916	mozrunner::runner	INFO	Running command: "C:\\Program Files\\Mozilla Firefox\\firefox.exe" "-marionette" "-foreground" "-no-remote" "-profile" "C:\\Users\\Garu\\AppData\\Local\\Temp\\rust_mozprofilee39t99"
JavaScript error: resource://gre/modules/XULStore.jsm, line 66: Error: Can't find profile directory.
console.error: "Could not write session state file " (new Error("_initWorker called too early! Please read the session file from disk first.", "resource:///modules/sessionstore/SessionFile.jsm", 375)) "_initWorker/<@resource:///modules/sessionstore/SessionFile.jsm:375:15\n_initWorker@resource:///modules/sessionstore/SessionFile.jsm:368:12\n_postToWorker@resource:///modules/sessionstore/SessionFile.jsm:410:16\nwrite@resource:///modules/sessionstore/SessionFile.jsm:448:24\nwrite@resource:///modules/sessionstore/SessionFile.jsm:75:32\n_writeState@resource:///modules/sessionstore/SessionSaver.jsm:360:24\n_saveState@resource:///modules/sessionstore/SessionSaver.jsm:294:17\n_saveStateAsync@resource:///modules/sessionstore/SessionSaver.jsm:344:10\nsaveStateAsyncWhenIdle@resource:///modules/sessionstore/SessionSaver.jsm:191:14\ncallback@resource://gre/modules/Timer.jsm:127:16\n"
1593021613082	Marionette	INFO	Listening on port 63012
1593021613119	Marionette	WARN	TLS certificate errors will be ignored for this session
1593021705638	Marionette	INFO	Stopped listening on port 63012

###!!! [Child][RunMessage] Error: Channel closing: too late to send/recv, messages will be lost


###!!! [Child][MessageChannel::SendAndWait] Error: Channel error: cannot send/recv

r: Channel closing: too late to send/recv, messages will be lost


###!!! [Child][MessageChannel::SendAndWait] Error: Channel error: cannot send/recv

1593033404672	mozrunner::runner	INFO	Running command: "C:\\Program Files\\Mozilla Firefox\\firefox.exe" "-marionette" "-foreground" "-no-remote" "-profile" "C:\\Users\\Garu\\AppData\\Local\\Temp\\rust_mozprofileTJsiLP"
JavaScript error: resource://gre/modules/XULStore.jsm, line 66: Error: Can't find profile directory.
1593033410003	Marionette	INFO	Listening on port 64049
1593033410390	Marionette	WARN	TLS certificate errors will be ignored for this session
1593033426086	Marionette	INFO	Stopped listening on port 64049

###!!! [Child][RunMessage] Error: Channel closing: too late to send/recv, messages will be lost


###!!! [Child][MessageChannel::SendAndWait] Error: Channel error: cannot send/recv

1593038706306	mozrunner::runner	INFO	Running command: "C:\\Program Files\\Mozilla Firefox\\firefox.exe" "-marionette" "-foreground" "-no-remote" "-profile" "C:\\Users\\Garu\\AppData\\Local\\Temp\\rust_mozprofilewDpO9T"
JavaScript error: resource://gre/modules/XULStore.jsm, line 66: Error: Can't find profile directory.
1593038710115	Marionette	INFO	Listening on port 65237
1593038710439	Marionette	WARN	TLS certificate errors will be ignored for this session
JavaScript error: resource://activity-stream/lib/ActivityStreamPrefs.jsm, line 27: NS_ERROR_ILLEGAL_VALUE: Component returned failure code: 0x80070057 (NS_ERROR_ILLEGAL_VALUE) [nsIPrefBranch.removeObserver]
JavaScript error: resource://gre/modules/UrlClassifierListManager.jsm, line 691: TypeError: this.tablesData[table] is undefined
JavaScript error: resource://activity-stream/lib/DiscoveryStreamFeed.jsm, line 860: TypeError: items is undefined
JavaScript error: resource://activity-stream/lib/DiscoveryStreamFeed.jsm, line 860: TypeError: items is undefined
1593038717471	Marionette	INFO	Stopped listening on port 65237

###!!! [Child][RunMessage] Error: Channel closing: too late to send/recv, messages will be lost


###!!! [Child][MessageChannel::SendAndWait] Error: Channel error: cannot send/recv

1593044838018	mozrunner::runner	INFO	Running command: "C:\\Program Files\\Mozilla Firefox\\firefox.exe" "-marionette" "-foreground" "-no-remote" "-profile" "C:\\Users\\Garu\\AppData\\Local\\Temp\\rust_mozprofileRdVx9j"
JavaScript error: resource://gre/modules/XULStore.jsm, line 66: Error: Can't find profile directory.
1593044842078	Marionette	INFO	Listening on port 49510
1593044842133	Marionette	WARN	TLS certificate errors will be ignored for this session
1593044911858	Marionette	INFO	Stopped listening on port 49510

###!!! [Child][RunMessage] Error: Channel closing: too late to send/recv, messages will be lost


###!!! [Child][MessageChannel::SendAndWait] Error: Channel error: cannot send/recv

